# JRE version: OpenJDK Runtime Environment Microsoft-8035246 (17.0.8+7) (build 17.0.8+7-LTS)
# Java VM: OpenJDK 64-Bit Server VM Microsoft-8035246 (17.0.8+7-LTS, mixed mode, sharing, tiered, compressed oops, compressed class ptrs, g1 gc, windows-amd64)
GC Precious Log:
 CPUs: 8 total, 8 available
 Memory: 8002M
 Large Page Support: Disabled
 NUMA Support: Disabled
 Compressed Oops: Enabled (32-bit)
 Heap Region Size: 1M
 Heap Min Capacity: 8M
 Heap Initial Capacity: 126M
 Heap Max Capacity: 2G
 Pre-touch: Disabled
 Parallel Workers: 8
 Concurrent Workers: 2
 Concurrent Refinement Workers: 8
 Periodic GC: Disabled
Heap:
 garbage-first heap   total 280576K, used 221984K [0x0000000080000000, 0x0000000100000000)
  region size 1024K, 10 young (10240K), 3 survivors (3072K)
 Metaspace       used 107033K, committed 108288K, reserved 557056K
  class space    used 14649K, committed 15232K, reserved 425984K
GC Heap History (20 events):
Event: 79.409 GC heap before
{Heap before GC invocations=46 (full 0):
 garbage-first heap   total 280576K, used 223104K [0x0000000080000000, 0x0000000100000000)
  region size 1024K, 64 young (65536K), 11 survivors (11264K)
 Metaspace       used 95708K, committed 96832K, reserved 557056K
  class space    used 13250K, committed 13824K, reserved 425984K
}
Event: 79.423 GC heap after
{Heap after GC invocations=47 (full 0):
 garbage-first heap   total 280576K, used 177056K [0x0000000080000000, 0x0000000100000000)
  region size 1024K, 8 young (8192K), 8 survivors (8192K)
 Metaspace       used 95708K, committed 96832K, reserved 557056K
  class space    used 13250K, committed 13824K, reserved 425984K
}
Event: 80.882 GC heap before
{Heap before GC invocations=47 (full 0):
 garbage-first heap   total 280576K, used 227232K [0x0000000080000000, 0x0000000100000000)
  region size 1024K, 57 young (58368K), 8 survivors (8192K)
 Metaspace       used 100231K, committed 101312K, reserved 557056K
  class space    used 13865K, committed 14336K, reserved 425984K
}
Event: 80.894 GC heap after
{Heap after GC invocations=48 (full 0):
 garbage-first heap   total 280576K, used 183785K [0x0000000080000000, 0x0000000100000000)
  region size 1024K, 7 young (7168K), 7 survivors (7168K)
 Metaspace       used 100231K, committed 101312K, reserved 557056K
  class space    used 13865K, committed 14336K, reserved 425984K
}
Event: 82.020 GC heap before
{Heap before GC invocations=48 (full 0):
 garbage-first heap   total 280576K, used 228841K [0x0000000080000000, 0x0000000100000000)
  region size 1024K, 51 young (52224K), 7 survivors (7168K)
 Metaspace       used 101586K, committed 102720K, reserved 557056K
  class space    used 14026K, committed 14528K, reserved 425984K
}
Event: 82.032 GC heap after
{Heap after GC invocations=49 (full 0):
 garbage-first heap   total 280576K, used 190596K [0x0000000080000000, 0x0000000100000000)
  region size 1024K, 7 young (7168K), 7 survivors (7168K)
 Metaspace       used 101586K, committed 102720K, reserved 557056K
  class space    used 14026K, committed 14528K, reserved 425984K
}
Event: 82.946 GC heap before
{Heap before GC invocations=49 (full 0):
 garbage-first heap   total 280576K, used 230532K [0x0000000080000000, 0x0000000100000000)
  region size 1024K, 46 young (47104K), 7 survivors (7168K)
 Metaspace       used 103371K, committed 104512K, reserved 557056K
  class space    used 14225K, committed 14720K, reserved 425984K
}
Event: 82.959 GC heap after
{Heap after GC invocations=50 (full 0):
 garbage-first heap   total 280576K, used 196827K [0x0000000080000000, 0x0000000100000000)
  region size 1024K, 6 young (6144K), 6 survivors (6144K)
 Metaspace       used 103371K, committed 104512K, reserved 557056K
  class space    used 14225K, committed 14720K, reserved 425984K
}
Event: 83.741 GC heap before
{Heap before GC invocations=50 (full 0):
 garbage-first heap   total 280576K, used 233691K [0x0000000080000000, 0x0000000100000000)
  region size 1024K, 42 young (43008K), 6 survivors (6144K)
 Metaspace       used 105526K, committed 106688K, reserved 557056K
  class space    used 14498K, committed 15040K, reserved 425984K
}
Event: 83.751 GC heap after
{Heap after GC invocations=51 (full 0):
 garbage-first heap   total 280576K, used 201568K [0x0000000080000000, 0x0000000100000000)
  region size 1024K, 5 young (5120K), 5 survivors (5120K)
 Metaspace       used 105526K, committed 106688K, reserved 557056K
  class space    used 14498K, committed 15040K, reserved 425984K
}
Event: 84.766 GC heap before
{Heap before GC invocations=51 (full 0):
 garbage-first heap   total 280576K, used 234336K [0x0000000080000000, 0x0000000100000000)
  region size 1024K, 38 young (38912K), 5 survivors (5120K)
 Metaspace       used 106162K, committed 107328K, reserved 557056K
  class space    used 14568K, committed 15104K, reserved 425984K
}
Event: 84.774 GC heap after
{Heap after GC invocations=52 (full 0):
 garbage-first heap   total 280576K, used 204359K [0x0000000080000000, 0x0000000100000000)
  region size 1024K, 3 young (3072K), 3 survivors (3072K)
 Metaspace       used 106162K, committed 107328K, reserved 557056K
  class space    used 14568K, committed 15104K, reserved 425984K
}
Event: 85.602 GC heap before
{Heap before GC invocations=52 (full 0):
 garbage-first heap   total 280576K, used 237127K [0x0000000080000000, 0x0000000100000000)
  region size 1024K, 36 young (36864K), 3 survivors (3072K)
 Metaspace       used 106662K, committed 107904K, reserved 557056K
  class space    used 14633K, committed 15232K, reserved 425984K
}
Event: 85.610 GC heap after
{Heap after GC invocations=53 (full 0):
 garbage-first heap   total 280576K, used 208840K [0x0000000080000000, 0x0000000100000000)
  region size 1024K, 5 young (5120K), 5 survivors (5120K)
 Metaspace       used 106662K, committed 107904K, reserved 557056K
  class space    used 14633K, committed 15232K, reserved 425984K
}
Event: 86.098 GC heap before
{Heap before GC invocations=53 (full 0):
 garbage-first heap   total 280576K, used 238536K [0x0000000080000000, 0x0000000100000000)
  region size 1024K, 35 young (35840K), 5 survivors (5120K)
 Metaspace       used 106754K, committed 108032K, reserved 557056K
  class space    used 14633K, committed 15232K, reserved 425984K
}
Event: 86.104 GC heap after
{Heap after GC invocations=54 (full 0):
 garbage-first heap   total 280576K, used 210714K [0x0000000080000000, 0x0000000100000000)
  region size 1024K, 2 young (2048K), 2 survivors (2048K)
 Metaspace       used 106754K, committed 108032K, reserved 557056K
  class space    used 14633K, committed 15232K, reserved 425984K
}
Event: 86.544 GC heap before
{Heap before GC invocations=54 (full 0):
 garbage-first heap   total 280576K, used 239386K [0x0000000080000000, 0x0000000100000000)
  region size 1024K, 31 young (31744K), 2 survivors (2048K)
 Metaspace       used 106775K, committed 108032K, reserved 557056K
  class space    used 14633K, committed 15232K, reserved 425984K
}
Event: 86.547 GC heap after
{Heap after GC invocations=55 (full 0):
 garbage-first heap   total 280576K, used 212044K [0x0000000080000000, 0x0000000100000000)
  region size 1024K, 3 young (3072K), 3 survivors (3072K)
 Metaspace       used 106775K, committed 108032K, reserved 557056K
  class space    used 14633K, committed 15232K, reserved 425984K
}
Event: 87.167 GC heap before
{Heap before GC invocations=55 (full 0):
 garbage-first heap   total 280576K, used 248908K [0x0000000080000000, 0x0000000100000000)
  region size 1024K, 32 young (32768K), 3 survivors (3072K)
 Metaspace       used 106960K, committed 108224K, reserved 557056K
  class space    used 14645K, committed 15232K, reserved 425984K
}
Event: 87.175 GC heap after
{Heap after GC invocations=56 (full 0):
 garbage-first heap   total 280576K, used 218601K [0x0000000080000000, 0x0000000100000000)
  region size 1024K, 4 young (4096K), 4 survivors (4096K)
 Metaspace       used 106960K, committed 108224K, reserved 557056K
  class space    used 14645K, committed 15232K, reserved 425984K
}

